2018-05-24 09:15:39,774 INFO o.a.j.u.JMeterUtils: Setting Locale to en_EN
2018-05-24 09:15:39,793 INFO o.a.j.JMeter: Loading user properties from: /usr/local/Cellar/jmeter/4.0/libexec/bin/user.properties
2018-05-24 09:15:39,793 INFO o.a.j.JMeter: Loading system properties from: /usr/local/Cellar/jmeter/4.0/libexec/bin/system.properties
2018-05-24 09:15:39,798 INFO o.a.j.JMeter: Copyright (c) 1998-2018 The Apache Software Foundation
2018-05-24 09:15:39,798 INFO o.a.j.JMeter: Version 4.0 r1823414
2018-05-24 09:15:39,798 INFO o.a.j.JMeter: java.version=1.8.0_171
2018-05-24 09:15:39,798 INFO o.a.j.JMeter: java.vm.name=Java HotSpot(TM) 64-Bit Server VM
2018-05-24 09:15:39,798 INFO o.a.j.JMeter: os.name=Mac OS X
2018-05-24 09:15:39,798 INFO o.a.j.JMeter: os.arch=x86_64
2018-05-24 09:15:39,798 INFO o.a.j.JMeter: os.version=10.13.4
2018-05-24 09:15:39,798 INFO o.a.j.JMeter: file.encoding=UTF-8
2018-05-24 09:15:39,799 INFO o.a.j.JMeter: Max memory     =2147483648
2018-05-24 09:15:39,799 INFO o.a.j.JMeter: Available Processors =8
2018-05-24 09:15:39,802 INFO o.a.j.JMeter: Default Locale=English (EN)
2018-05-24 09:15:39,802 INFO o.a.j.JMeter: JMeter  Locale=English (EN)
2018-05-24 09:15:39,803 INFO o.a.j.JMeter: JMeterHome=/usr/local/Cellar/jmeter/4.0/libexec
2018-05-24 09:15:39,803 INFO o.a.j.JMeter: user.dir  =/Users/stakimoto/Desktop/proj/vista/VICSServer/tests/restStressTest
2018-05-24 09:15:39,803 INFO o.a.j.JMeter: PWD       =/Users/stakimoto/Desktop/proj/vista/VICSServer/tests/restStressTest
2018-05-24 09:15:39,804 INFO o.a.j.JMeter: IP: 192.168.1.161 Name: HRGAdministrators-MacBook-Pro.local FullName: 192.168.1.161
2018-05-24 09:15:39,806 INFO o.a.j.JMeter: Setting property 'jmeter.reportgenerator.outputdir' to:'/Users/stakimoto/Desktop/proj/vista/VICSServer/tests/restStressTest/patientDataTestGraphs500'
2018-05-24 09:15:39,808 INFO o.a.j.s.FileServer: Default base='/Users/stakimoto/Desktop/proj/vista/VICSServer/tests/restStressTest'
2018-05-24 09:15:39,812 INFO o.a.j.s.FileServer: Set new base='/Users/stakimoto/Desktop/proj/vista/VICSServer/tests/restStressTest'
2018-05-24 09:15:39,925 INFO o.a.j.s.SaveService: Testplan (JMX) version: 2.2. Testlog (JTL) version: 2.2
2018-05-24 09:15:39,941 INFO o.a.j.s.SaveService: Using SaveService properties file encoding UTF-8
2018-05-24 09:15:39,946 INFO o.a.j.s.SaveService: Using SaveService properties version 4.0
2018-05-24 09:15:39,951 INFO o.a.j.s.SaveService: Loading file: VICSStressTestRig.jmx
2018-05-24 09:15:39,994 INFO o.a.j.p.h.s.HTTPSamplerBase: Parser for text/html is org.apache.jmeter.protocol.http.parser.LagartoBasedHtmlParser
2018-05-24 09:15:39,994 INFO o.a.j.p.h.s.HTTPSamplerBase: Parser for application/xhtml+xml is org.apache.jmeter.protocol.http.parser.LagartoBasedHtmlParser
2018-05-24 09:15:39,994 INFO o.a.j.p.h.s.HTTPSamplerBase: Parser for application/xml is org.apache.jmeter.protocol.http.parser.LagartoBasedHtmlParser
2018-05-24 09:15:39,995 INFO o.a.j.p.h.s.HTTPSamplerBase: Parser for text/xml is org.apache.jmeter.protocol.http.parser.LagartoBasedHtmlParser
2018-05-24 09:15:39,995 INFO o.a.j.p.h.s.HTTPSamplerBase: Parser for text/vnd.wap.wml is org.apache.jmeter.protocol.http.parser.RegexpHTMLParser
2018-05-24 09:15:39,995 INFO o.a.j.p.h.s.HTTPSamplerBase: Parser for text/css is org.apache.jmeter.protocol.http.parser.CssParser
2018-05-24 09:15:40,020 INFO o.a.j.s.SampleResult: Note: Sample TimeStamps are START times
2018-05-24 09:15:40,020 INFO o.a.j.s.SampleResult: sampleresult.default.encoding is set to ISO-8859-1
2018-05-24 09:15:40,020 INFO o.a.j.s.SampleResult: sampleresult.useNanoTime=true
2018-05-24 09:15:40,020 INFO o.a.j.s.SampleResult: sampleresult.nanoThreadSleep=5000
2018-05-24 09:15:40,114 INFO o.a.j.JMeter: Creating summariser <summary>
2018-05-24 09:15:40,119 INFO o.a.j.r.d.ReportGenerator: ReportGenerator will use for Parsing the separator: ','
2018-05-24 09:15:40,119 ERROR o.a.j.JMeter: Error in NonGUIDriver
java.lang.IllegalArgumentException: Results file:patientDataTestResults.csv is not empty
	at org.apache.jmeter.report.dashboard.ReportGenerator.<init>(ReportGenerator.java:137) ~[ApacheJMeter_core.jar:4.0 r1823414]
	at org.apache.jmeter.JMeter.runNonGui(JMeter.java:983) [ApacheJMeter_core.jar:4.0 r1823414]
	at org.apache.jmeter.JMeter.startNonGui(JMeter.java:915) [ApacheJMeter_core.jar:4.0 r1823414]
	at org.apache.jmeter.JMeter.start(JMeter.java:543) [ApacheJMeter_core.jar:4.0 r1823414]
	at sun.reflect.NativeMethodAccessorImpl.invoke0(Native Method) ~[?:1.8.0_171]
	at sun.reflect.NativeMethodAccessorImpl.invoke(NativeMethodAccessorImpl.java:62) ~[?:1.8.0_171]
	at sun.reflect.DelegatingMethodAccessorImpl.invoke(DelegatingMethodAccessorImpl.java:43) ~[?:1.8.0_171]
	at java.lang.reflect.Method.invoke(Method.java:498) ~[?:1.8.0_171]
	at org.apache.jmeter.NewDriver.main(NewDriver.java:245) [ApacheJMeter.jar:4.0 r1823414]
