2018-05-24 09:05:53,910 INFO o.a.j.u.JMeterUtils: Setting Locale to en_EN
2018-05-24 09:05:53,930 INFO o.a.j.JMeter: Loading user properties from: /usr/local/Cellar/jmeter/4.0/libexec/bin/user.properties
2018-05-24 09:05:53,930 INFO o.a.j.JMeter: Loading system properties from: /usr/local/Cellar/jmeter/4.0/libexec/bin/system.properties
2018-05-24 09:05:53,936 INFO o.a.j.JMeter: Copyright (c) 1998-2018 The Apache Software Foundation
2018-05-24 09:05:53,936 INFO o.a.j.JMeter: Version 4.0 r1823414
2018-05-24 09:05:53,936 INFO o.a.j.JMeter: java.version=1.8.0_171
2018-05-24 09:05:53,936 INFO o.a.j.JMeter: java.vm.name=Java HotSpot(TM) 64-Bit Server VM
2018-05-24 09:05:53,936 INFO o.a.j.JMeter: os.name=Mac OS X
2018-05-24 09:05:53,936 INFO o.a.j.JMeter: os.arch=x86_64
2018-05-24 09:05:53,936 INFO o.a.j.JMeter: os.version=10.13.4
2018-05-24 09:05:53,936 INFO o.a.j.JMeter: file.encoding=UTF-8
2018-05-24 09:05:53,936 INFO o.a.j.JMeter: Max memory     =2147483648
2018-05-24 09:05:53,936 INFO o.a.j.JMeter: Available Processors =8
2018-05-24 09:05:53,940 INFO o.a.j.JMeter: Default Locale=English (EN)
2018-05-24 09:05:53,941 INFO o.a.j.JMeter: JMeter  Locale=English (EN)
2018-05-24 09:05:53,941 INFO o.a.j.JMeter: JMeterHome=/usr/local/Cellar/jmeter/4.0/libexec
2018-05-24 09:05:53,941 INFO o.a.j.JMeter: user.dir  =/Users/stakimoto/Desktop/proj/vista/VICSServer/tests/restStressTest
2018-05-24 09:05:53,941 INFO o.a.j.JMeter: PWD       =/Users/stakimoto/Desktop/proj/vista/VICSServer/tests/restStressTest
2018-05-24 09:05:53,942 INFO o.a.j.JMeter: IP: 192.168.1.161 Name: HRGAdministrators-MacBook-Pro.local FullName: 192.168.1.161
2018-05-24 09:05:55,801 INFO o.a.j.g.a.LookAndFeelCommand: Installing Darcula LAF
2018-05-24 09:05:55,815 INFO o.a.j.g.a.LookAndFeelCommand: Using look and feel: com.bulenkov.darcula.DarculaLaf [Darcula]
2018-05-24 09:05:55,816 INFO o.a.j.JMeter: Setting LAF to: com.bulenkov.darcula.DarculaLaf
2018-05-24 09:05:55,884 INFO o.a.j.JMeter: Loaded icon properties from org/apache/jmeter/images/icon.properties
2018-05-24 09:05:56,428 INFO o.a.j.e.u.CompoundVariable: Note: Function class names must contain the string: '.functions.'
2018-05-24 09:05:56,429 INFO o.a.j.e.u.CompoundVariable: Note: Function class names must not contain the string: '.gui.'
2018-05-24 09:05:58,748 INFO o.j.r.PluginManager: Plugins Status: [jpgc-graphs-basic=2.0, blazemeter-debugger=0.6, jpgc-cmd=2.1, jpgc-casutg=2.5, jpgc-dummy=0.2, jpgc-ggl=2.0, jpgc-plugins-manager=0.20, jmeter-core=4.0, jmeter-ftp=4.0, jmeter-http=4.0, jmeter-jdbc=4.0, jmeter-jms=4.0, jmeter-junit=4.0, jmeter-java=4.0, jmeter-ldap=4.0, jmeter-mail=4.0, jmeter-mongodb=4.0, jmeter-native=4.0, jmeter-tcp=4.0, jmeter-components=4.0]
2018-05-24 09:05:58,751 INFO o.j.r.PluginManagerMenuItem: Plugins Manager has upgrades: [jpgc-plugins-manager]
2018-05-24 09:05:59,770 INFO o.a.j.p.h.s.HTTPSamplerBase: Parser for text/html is org.apache.jmeter.protocol.http.parser.LagartoBasedHtmlParser
2018-05-24 09:05:59,770 INFO o.a.j.p.h.s.HTTPSamplerBase: Parser for application/xhtml+xml is org.apache.jmeter.protocol.http.parser.LagartoBasedHtmlParser
2018-05-24 09:05:59,770 INFO o.a.j.p.h.s.HTTPSamplerBase: Parser for application/xml is org.apache.jmeter.protocol.http.parser.LagartoBasedHtmlParser
2018-05-24 09:05:59,770 INFO o.a.j.p.h.s.HTTPSamplerBase: Parser for text/xml is org.apache.jmeter.protocol.http.parser.LagartoBasedHtmlParser
2018-05-24 09:05:59,771 INFO o.a.j.p.h.s.HTTPSamplerBase: Parser for text/vnd.wap.wml is org.apache.jmeter.protocol.http.parser.RegexpHTMLParser
2018-05-24 09:05:59,771 INFO o.a.j.p.h.s.HTTPSamplerBase: Parser for text/css is org.apache.jmeter.protocol.http.parser.CssParser
2018-05-24 09:06:00,023 INFO o.a.j.e.KeyToolUtils: keytool found at 'keytool'
2018-05-24 09:06:00,024 INFO o.a.j.p.h.p.ProxyControl: HTTP(S) Test Script Recorder SSL Proxy will use keys that support embedded 3rd party resources in file /usr/local/Cellar/jmeter/4.0/libexec/bin/proxyserver.jks
2018-05-24 09:06:00,124 INFO o.a.j.s.FileServer: Default base='/Users/stakimoto/Desktop/proj/vista/VICSServer/tests/restStressTest'
2018-05-24 09:06:00,379 INFO o.a.j.s.SampleResult: Note: Sample TimeStamps are START times
2018-05-24 09:06:00,379 INFO o.a.j.s.SampleResult: sampleresult.default.encoding is set to ISO-8859-1
2018-05-24 09:06:00,379 INFO o.a.j.s.SampleResult: sampleresult.useNanoTime=true
2018-05-24 09:06:00,379 INFO o.a.j.s.SampleResult: sampleresult.nanoThreadSleep=5000
2018-05-24 09:06:09,917 INFO o.a.j.g.a.Load: Loading file: /Users/stakimoto/Desktop/proj/vista/VICSServer/tests/restStressTest/VICSStressTestRig.jmx
2018-05-24 09:06:09,918 INFO o.a.j.s.FileServer: Set new base='/Users/stakimoto/Desktop/proj/vista/VICSServer/tests/restStressTest'
2018-05-24 09:06:10,009 INFO o.a.j.s.SaveService: Testplan (JMX) version: 2.2. Testlog (JTL) version: 2.2
2018-05-24 09:06:10,012 INFO o.a.j.s.SaveService: Using SaveService properties file encoding UTF-8
2018-05-24 09:06:10,013 INFO o.a.j.s.SaveService: Using SaveService properties version 4.0
2018-05-24 09:06:10,015 INFO o.a.j.s.SaveService: Loading file: /Users/stakimoto/Desktop/proj/vista/VICSServer/tests/restStressTest/VICSStressTestRig.jmx
2018-05-24 09:06:11,110 WARN o.a.j.t.g.GenericTestBeanCustomizer: kg.apc.jmeter.listener.GraphsGeneratorListener#graphWidth(int) has a DEFAULT of class java.lang.String
2018-05-24 09:06:11,110 WARN o.a.j.t.g.GenericTestBeanCustomizer: kg.apc.jmeter.listener.GraphsGeneratorListener#graphHeight(int) has a DEFAULT of class java.lang.String
2018-05-24 09:06:11,585 INFO o.a.j.s.FileServer: Set new base='/Users/stakimoto/Desktop/proj/vista/VICSServer/tests/restStressTest'
